0 info it worked if it ends with ok
1 verbose cli [ '/usr/local/bin/node',
1 verbose cli   '/usr/local/bin/npm',
1 verbose cli   'run',
1 verbose cli   'start',
1 verbose cli   '--port',
1 verbose cli   '4201' ]
2 info using npm@3.10.10
3 info using node@v6.9.4
4 verbose run-script [ 'prestart', 'start', 'poststart' ]
5 info lifecycle pk2-angular@1.0.0~prestart: pk2-angular@1.0.0
6 silly lifecycle pk2-angular@1.0.0~prestart: no script for prestart, continuing
7 info lifecycle pk2-angular@1.0.0~start: pk2-angular@1.0.0
8 verbose lifecycle pk2-angular@1.0.0~start: unsafe-perm in lifecycle true
9 verbose lifecycle pk2-angular@1.0.0~start: PATH: /usr/local/lib/node_modules/npm/bin/node-gyp-bin:/Users/dan.miclea/workspace/pk2-angular-v1.0.0/node_modules/.bin:/usr/local/bin:/usr/bin:/bin:/usr/sbin:/sbin
10 verbose lifecycle pk2-angular@1.0.0~start: CWD: /Users/dan.miclea/workspace/pk2-angular-v1.0.0
11 silly lifecycle pk2-angular@1.0.0~start: Args: [ '-c', 'ng serve "4201"' ]
12 silly lifecycle pk2-angular@1.0.0~start: Returned: code: 1  signal: null
13 info lifecycle pk2-angular@1.0.0~start: Failed to exec start script
14 verbose stack Error: pk2-angular@1.0.0 start: `ng serve "4201"`
14 verbose stack Exit status 1
14 verbose stack     at EventEmitter.<anonymous> (/usr/local/lib/node_modules/npm/lib/utils/lifecycle.js:255:16)
14 verbose stack     at emitTwo (events.js:106:13)
14 verbose stack     at EventEmitter.emit (events.js:191:7)
14 verbose stack     at ChildProcess.<anonymous> (/usr/local/lib/node_modules/npm/lib/utils/spawn.js:40:14)
14 verbose stack     at emitTwo (events.js:106:13)
14 verbose stack     at ChildProcess.emit (events.js:191:7)
14 verbose stack     at maybeClose (internal/child_process.js:877:16)
14 verbose stack     at Process.ChildProcess._handle.onexit (internal/child_process.js:226:5)
15 verbose pkgid pk2-angular@1.0.0
16 verbose cwd /Users/dan.miclea/workspace/pk2-angular-v1.0.0
17 error Darwin 17.4.0
18 error argv "/usr/local/bin/node" "/usr/local/bin/npm" "run" "start" "--port" "4201"
19 error node v6.9.4
20 error npm  v3.10.10
21 error code ELIFECYCLE
22 error pk2-angular@1.0.0 start: `ng serve "4201"`
22 error Exit status 1
23 error Failed at the pk2-angular@1.0.0 start script 'ng serve "4201"'.
23 error Make sure you have the latest version of node.js and npm installed.
23 error If you do, this is most likely a problem with the pk2-angular package,
23 error not with npm itself.
23 error Tell the author that this fails on your system:
23 error     ng serve "4201"
23 error You can get information on how to open an issue for this project with:
23 error     npm bugs pk2-angular
23 error Or if that isn't available, you can get their info via:
23 error     npm owner ls pk2-angular
23 error There is likely additional logging output above.
24 verbose exit [ 1, true ]
